2024-02-13 15:10:51,756 INFO VK_USER_ID - received
2024-02-13 15:11:06,716 INFO VK_API_TOKEN - received
2024-02-13 15:11:14,932 INFO YANDEX_DISK_TOKEN - received
2024-02-13 15:11:14,932 INFO GET_USER_ALBUMS
2024-02-13 15:11:15,501 INFO STATUS_GET_USER_ALBUMS -200
2024-02-13 15:11:17,515 INFO ALBUM - received
2024-02-13 15:11:18,567 INFO GET_PHOTO_FROM_ALBUM
2024-02-13 15:11:19,231 INFO STATUS_GET_PHOTO_FROM_ALBUM -200
2024-02-13 15:11:19,232 INFO ADD_PHOTO_FROM_YANDEX_DISC
on 0: 2024-02-13 15:11:19,291 INFO CHECK_PHOTO
on 0: 2024-02-13 15:11:20,396 INFO STATUS_CHECK_PHOTO -200
on 0: 2024-02-13 15:11:21,609 INFO STATUS_ADD_PHOTO_FROM_YANDEX_DISC -202
on 1: 2024-02-13 15:11:24,610 INFO CHECK_PHOTO
on 1: 2024-02-13 15:11:25,488 INFO STATUS_CHECK_PHOTO -200
on 1: 2024-02-13 15:11:26,486 INFO STATUS_ADD_PHOTO_FROM_YANDEX_DISC -202
on 2: 2024-02-13 15:11:29,487 INFO CHECK_PHOTO
on 2: 2024-02-13 15:11:30,410 INFO STATUS_CHECK_PHOTO -200
on 2: 2024-02-13 15:11:31,420 INFO STATUS_ADD_PHOTO_FROM_YANDEX_DISC -202
on 3: 2024-02-13 15:11:34,421 INFO CHECK_PHOTO
on 3: 2024-02-13 15:11:35,438 INFO STATUS_CHECK_PHOTO -200
on 3: 2024-02-13 15:11:36,286 INFO STATUS_ADD_PHOTO_FROM_YANDEX_DISC -202
on 4: 2024-02-13 15:11:39,286 INFO CHECK_PHOTO
on 4: 2024-02-13 15:11:40,160 INFO STATUS_CHECK_PHOTO -200
on 4: 2024-02-13 15:11:41,293 INFO STATUS_ADD_PHOTO_FROM_YANDEX_DISC -202
on 5: 2024-02-13 15:11:44,294 INFO CHECK_PHOTO
on 5: 2024-02-13 15:11:45,422 INFO STATUS_CHECK_PHOTO -200
on 5: 2024-02-13 15:11:46,393 INFO STATUS_ADD_PHOTO_FROM_YANDEX_DISC -202
on 6: 2024-02-13 15:11:49,394 INFO CHECK_PHOTO
on 6: 2024-02-13 15:11:50,424 INFO STATUS_CHECK_PHOTO -200
on 6: 2024-02-13 15:11:51,334 INFO STATUS_ADD_PHOTO_FROM_YANDEX_DISC -202
on 7: 2024-02-13 15:11:54,336 INFO CHECK_PHOTO
on 7: 2024-02-13 15:11:55,509 INFO STATUS_CHECK_PHOTO -200
on 7: 2024-02-13 15:11:56,336 INFO STATUS_ADD_PHOTO_FROM_YANDEX_DISC -202
on 8: 2024-02-13 15:11:59,338 INFO CHECK_PHOTO
on 8: 2024-02-13 15:12:00,562 INFO STATUS_CHECK_PHOTO -200
on 8: 2024-02-13 15:12:01,350 INFO STATUS_ADD_PHOTO_FROM_YANDEX_DISC -202
on 9: 2024-02-13 15:12:04,351 INFO CHECK_PHOTO
on 9: 2024-02-13 15:12:05,221 INFO STATUS_CHECK_PHOTO -200
on 9: 2024-02-13 15:12:06,221 INFO STATUS_ADD_PHOTO_FROM_YANDEX_DISC -202
on 10: 2024-02-13 15:12:09,222 INFO CHECK_PHOTO
on 10: 2024-02-13 15:12:10,167 INFO STATUS_CHECK_PHOTO -200
on 10: 2024-02-13 15:12:11,431 INFO STATUS_ADD_PHOTO_FROM_YANDEX_DISC -202
on 11: 2024-02-13 15:12:14,432 INFO CHECK_PHOTO
on 11: 2024-02-13 15:12:15,596 INFO STATUS_CHECK_PHOTO -200
on 11: 2024-02-13 15:12:16,504 INFO STATUS_ADD_PHOTO_FROM_YANDEX_DISC -202
on 12: 2024-02-13 15:12:19,505 INFO CHECK_PHOTO
on 12: 2024-02-13 15:12:20,352 INFO STATUS_CHECK_PHOTO -200
on 12: 2024-02-13 15:12:21,298 INFO STATUS_ADD_PHOTO_FROM_YANDEX_DISC -202
2024-02-13 15:16:41,004 INFO VK_USER_ID - received
2024-02-13 15:17:00,580 INFO VK_API_TOKEN - received
2024-02-13 15:17:07,365 INFO YANDEX_DISK_TOKEN - received
2024-02-13 15:17:07,365 INFO GET_USER_ALBUMS
2024-02-13 15:17:07,911 INFO STATUS - 200
2024-02-13 15:17:19,283 INFO ALBUM - received
2024-02-13 15:17:20,879 INFO GET_PHOTO_FROM_ALBUM
2024-02-13 15:17:21,440 INFO STATUS - 200
2024-02-13 15:17:21,442 INFO ADD_PHOTO_FROM_YANDEX_DISC
on 0: 2024-02-13 15:17:21,506 INFO CHECK_PHOTO
on 0: 2024-02-13 15:17:22,387 INFO STATUS - 200
on 0: 2024-02-13 15:17:23,331 INFO STATUS - 202
on 1: 2024-02-13 15:17:26,332 INFO CHECK_PHOTO
on 1: 2024-02-13 15:17:27,683 INFO STATUS - 200
on 1: 2024-02-13 15:17:28,763 INFO STATUS - 202
on 2: 2024-02-13 15:17:31,764 INFO CHECK_PHOTO
on 2: 2024-02-13 15:17:32,554 INFO STATUS - 200
on 2: 2024-02-13 15:17:33,354 INFO STATUS - 202
on 3: 2024-02-13 15:17:36,355 INFO CHECK_PHOTO
on 3: 2024-02-13 15:17:38,314 INFO STATUS - 200
on 3: 2024-02-13 15:17:39,249 INFO STATUS - 202
on 4: 2024-02-13 15:17:42,251 INFO CHECK_PHOTO
on 4: 2024-02-13 15:17:43,117 INFO STATUS - 200
on 4: 2024-02-13 15:17:44,049 INFO STATUS - 202
on 5: 2024-02-13 15:17:47,050 INFO CHECK_PHOTO
on 5: 2024-02-13 15:17:48,784 INFO STATUS - 200
on 5: 2024-02-13 15:17:50,278 INFO STATUS - 202
on 6: 2024-02-13 15:17:53,279 INFO CHECK_PHOTO
on 6: 2024-02-13 15:17:54,129 INFO STATUS - 200
on 6: 2024-02-13 15:17:54,943 INFO STATUS - 202
on 7: 2024-02-13 15:17:57,944 INFO CHECK_PHOTO
on 7: 2024-02-13 15:17:58,969 INFO STATUS - 200
on 7: 2024-02-13 15:18:00,099 INFO STATUS - 202
on 8: 2024-02-13 15:18:03,100 INFO CHECK_PHOTO
on 8: 2024-02-13 15:18:04,132 INFO STATUS - 200
on 8: 2024-02-13 15:18:05,231 INFO STATUS - 202
on 9: 2024-02-13 15:18:08,233 INFO CHECK_PHOTO
on 9: 2024-02-13 15:18:09,055 INFO STATUS - 200
on 9: 2024-02-13 15:18:10,165 INFO STATUS - 202
on 10: 2024-02-13 15:18:13,166 INFO CHECK_PHOTO
on 10: 2024-02-13 15:18:14,060 INFO STATUS - 200
on 10: 2024-02-13 15:18:15,017 INFO STATUS - 202
on 11: 2024-02-13 15:18:18,017 INFO CHECK_PHOTO
on 11: 2024-02-13 15:18:18,846 INFO STATUS - 200
on 11: 2024-02-13 15:18:19,874 INFO STATUS - 202
on 12: 2024-02-13 15:18:22,876 INFO CHECK_PHOTO
on 12: 2024-02-13 15:18:23,697 INFO STATUS - 200
on 12: 2024-02-13 15:18:24,764 INFO STATUS - 202
